# JRE version: Java(TM) SE Runtime Environment (17.0.11+7) (build 17.0.11+7-LTS-207)
# Java VM: Java HotSpot(TM) 64-Bit Server VM (17.0.11+7-LTS-207, mixed mode, emulated-client, sharing, tiered, compressed oops, compressed class ptrs, g1 gc, windows-amd64)
GC Precious Log:
 CPUs: 4 total, 4 available
 Memory: 4001M
 Large Page Support: Disabled
 NUMA Support: Disabled
 Compressed Oops: Enabled (32-bit)
 Heap Region Size: 1M
 Heap Min Capacity: 8M
 Heap Initial Capacity: 64M
 Heap Max Capacity: 1002M
 Pre-touch: Disabled
 Parallel Workers: 4
 Concurrent Workers: 1
 Concurrent Refinement Workers: 4
 Periodic GC: Disabled
Heap:
 garbage-first heap   total 55296K, used 32666K [0x00000000c1600000, 0x0000000100000000)
  region size 1024K, 4 young (4096K), 2 survivors (2048K)
 Metaspace       used 65012K, committed 65600K, reserved 1114112K
  class space    used 9266K, committed 9536K, reserved 1048576K
GC Heap History (20 events):
Event: 20.341 GC heap before
{Heap before GC invocations=10 (full 0):
 garbage-first heap   total 55296K, used 28033K [0x00000000c1600000, 0x0000000100000000)
  region size 1024K, 11 young (11264K), 2 survivors (2048K)
 Metaspace       used 35660K, committed 36096K, reserved 1114112K
  class space    used 5083K, committed 5312K, reserved 1048576K
}
Event: 20.344 GC heap after
{Heap after GC invocations=11 (full 0):
 garbage-first heap   total 55296K, used 20240K [0x00000000c1600000, 0x0000000100000000)
  region size 1024K, 2 young (2048K), 2 survivors (2048K)
 Metaspace       used 35660K, committed 36096K, reserved 1114112K
  class space    used 5083K, committed 5312K, reserved 1048576K
}
Event: 21.787 GC heap before
{Heap before GC invocations=12 (full 0):
 garbage-first heap   total 55296K, used 41744K [0x00000000c1600000, 0x0000000100000000)
  region size 1024K, 23 young (23552K), 2 survivors (2048K)
 Metaspace       used 44151K, committed 44608K, reserved 1114112K
  class space    used 6162K, committed 6400K, reserved 1048576K
}
Event: 21.793 GC heap after
{Heap after GC invocations=13 (full 0):
 garbage-first heap   total 55296K, used 22585K [0x00000000c1600000, 0x0000000100000000)
  region size 1024K, 3 young (3072K), 3 survivors (3072K)
 Metaspace       used 44151K, committed 44608K, reserved 1114112K
  class space    used 6162K, committed 6400K, reserved 1048576K
}
Event: 22.697 GC heap before
{Heap before GC invocations=13 (full 0):
 garbage-first heap   total 55296K, used 41017K [0x00000000c1600000, 0x0000000100000000)
  region size 1024K, 22 young (22528K), 3 survivors (3072K)
 Metaspace       used 47459K, committed 47936K, reserved 1114112K
  class space    used 6604K, committed 6848K, reserved 1048576K
}
Event: 22.706 GC heap after
{Heap after GC invocations=14 (full 0):
 garbage-first heap   total 55296K, used 24098K [0x00000000c1600000, 0x0000000100000000)
  region size 1024K, 2 young (2048K), 2 survivors (2048K)
 Metaspace       used 47459K, committed 47936K, reserved 1114112K
  class space    used 6604K, committed 6848K, reserved 1048576K
}
Event: 23.684 GC heap before
{Heap before GC invocations=14 (full 0):
 garbage-first heap   total 55296K, used 41506K [0x00000000c1600000, 0x0000000100000000)
  region size 1024K, 20 young (20480K), 2 survivors (2048K)
 Metaspace       used 53231K, committed 53760K, reserved 1114112K
  class space    used 7552K, committed 7808K, reserved 1048576K
}
Event: 23.688 GC heap after
{Heap after GC invocations=15 (full 0):
 garbage-first heap   total 55296K, used 24782K [0x00000000c1600000, 0x0000000100000000)
  region size 1024K, 3 young (3072K), 3 survivors (3072K)
 Metaspace       used 53231K, committed 53760K, reserved 1114112K
  class space    used 7552K, committed 7808K, reserved 1048576K
}
Event: 24.287 GC heap before
{Heap before GC invocations=15 (full 0):
 garbage-first heap   total 55296K, used 42190K [0x00000000c1600000, 0x0000000100000000)
  region size 1024K, 20 young (20480K), 3 survivors (3072K)
 Metaspace       used 54248K, committed 54720K, reserved 1114112K
  class space    used 7715K, committed 7936K, reserved 1048576K
}
Event: 24.292 GC heap after
{Heap after GC invocations=16 (full 0):
 garbage-first heap   total 55296K, used 25345K [0x00000000c1600000, 0x0000000100000000)
  region size 1024K, 2 young (2048K), 2 survivors (2048K)
 Metaspace       used 54248K, committed 54720K, reserved 1114112K
  class space    used 7715K, committed 7936K, reserved 1048576K
}
Event: 25.806 GC heap before
{Heap before GC invocations=16 (full 0):
 garbage-first heap   total 55296K, used 43777K [0x00000000c1600000, 0x0000000100000000)
  region size 1024K, 20 young (20480K), 2 survivors (2048K)
 Metaspace       used 58430K, committed 59008K, reserved 1114112K
  class space    used 8341K, committed 8576K, reserved 1048576K
}
Event: 25.810 GC heap after
{Heap after GC invocations=17 (full 0):
 garbage-first heap   total 55296K, used 26299K [0x00000000c1600000, 0x0000000100000000)
  region size 1024K, 3 young (3072K), 3 survivors (3072K)
 Metaspace       used 58430K, committed 59008K, reserved 1114112K
  class space    used 8341K, committed 8576K, reserved 1048576K
}
Event: 29.386 GC heap before
{Heap before GC invocations=17 (full 0):
 garbage-first heap   total 55296K, used 38587K [0x00000000c1600000, 0x0000000100000000)
  region size 1024K, 16 young (16384K), 3 survivors (3072K)
 Metaspace       used 60229K, committed 60736K, reserved 1114112K
  class space    used 8511K, committed 8768K, reserved 1048576K
}
Event: 29.392 GC heap after
{Heap after GC invocations=18 (full 0):
 garbage-first heap   total 55296K, used 27180K [0x00000000c1600000, 0x0000000100000000)
  region size 1024K, 3 young (3072K), 3 survivors (3072K)
 Metaspace       used 60229K, committed 60736K, reserved 1114112K
  class space    used 8511K, committed 8768K, reserved 1048576K
}
Event: 30.246 GC heap before
{Heap before GC invocations=19 (full 0):
 garbage-first heap   total 55296K, used 42540K [0x00000000c1600000, 0x0000000100000000)
  region size 1024K, 19 young (19456K), 3 survivors (3072K)
 Metaspace       used 61127K, committed 61696K, reserved 1114112K
  class space    used 8739K, committed 8960K, reserved 1048576K
}
Event: 30.258 GC heap after
{Heap after GC invocations=20 (full 0):
 garbage-first heap   total 55296K, used 29036K [0x00000000c1600000, 0x0000000100000000)
  region size 1024K, 3 young (3072K), 3 survivors (3072K)
 Metaspace       used 61127K, committed 61696K, reserved 1114112K
  class space    used 8739K, committed 8960K, reserved 1048576K
}
Event: 31.551 GC heap before
{Heap before GC invocations=21 (full 0):
 garbage-first heap   total 55296K, used 44396K [0x00000000c1600000, 0x0000000100000000)
  region size 1024K, 18 young (18432K), 3 survivors (3072K)
 Metaspace       used 63405K, committed 64000K, reserved 1114112K
  class space    used 9042K, committed 9344K, reserved 1048576K
}
Event: 31.561 GC heap after
{Heap after GC invocations=22 (full 0):
 garbage-first heap   total 55296K, used 30265K [0x00000000c1600000, 0x0000000100000000)
  region size 1024K, 2 young (2048K), 2 survivors (2048K)
 Metaspace       used 63405K, committed 64000K, reserved 1114112K
  class space    used 9042K, committed 9344K, reserved 1048576K
}
Event: 32.063 GC heap before
{Heap before GC invocations=22 (full 0):
 garbage-first heap   total 55296K, used 43577K [0x00000000c1600000, 0x0000000100000000)
  region size 1024K, 15 young (15360K), 2 survivors (2048K)
 Metaspace       used 64725K, committed 65344K, reserved 1114112K
  class space    used 9242K, committed 9536K, reserved 1048576K
}
Event: 32.068 GC heap after
{Heap after GC invocations=23 (full 0):
 garbage-first heap   total 55296K, used 31642K [0x00000000c1600000, 0x0000000100000000)
  region size 1024K, 2 young (2048K), 2 survivors (2048K)
 Metaspace       used 64725K, committed 65344K, reserved 1114112K
  class space    used 9242K, committed 9536K, reserved 1048576K
}

